Using pre-set license
Built from '2020.3/release' branch; Version is '2020.3.15f2 (6cf78cb77498) revision 7141260'; Using compiler version '192528614'; Build Type 'Release'
OS: 'Windows 10 Home Single Language; OS build 19043.1110; Version 2009; 64bit' Language: 'en' Physical Memory: 16193 MB
BatchMode: 1, IsHumanControllingUs: 0, StartBugReporterOnCrash: 0, Is64bit: 1, IsPro: 0

 COMMAND LINE ARGUMENTS:
C:\Program Files\Unity\Hub\Editor\2020.3.15f2\Editor\Unity.exe
-adb2
-batchMode
-noUpm
-name
AssetImportWorker0
-projectPath
C:/UnityProjects/Mağara JAM 3
-logFile
Logs/AssetImportWorker0.log
-srvPort
51161
Successfully changed project path to: C:/UnityProjects/Mağara JAM 3
C:/UnityProjects/Mağara JAM 3
Using Asset Import Pipeline V2.
Refreshing native plugins compatible for Editor in 57.43 ms, found 3 plugins.
Preloading 0 native plugins for Editor in 0.00 ms.
Initialize engine version: 2020.3.15f2 (6cf78cb77498)
[Subsystems] Discovering subsystems at path C:/Program Files/Unity/Hub/Editor/2020.3.15f2/Editor/Data/Resources/UnitySubsystems
[Subsystems] Discovering subsystems at path C:/UnityProjects/Mağara JAM 3/Assets
GfxDevice: creating device client; threaded=0
Direct3D:
    Version:  Direct3D 11.0 [level 11.1]
    Renderer: NVIDIA GeForce RTX 3060 Laptop GPU (ID=0x2520)
    Vendor:   
    VRAM:     6023 MB
    Driver:   30.0.14.7141
Shader 'Universal Render Pipeline/Particles/Lit': fallback shader 'Universal Render Pipeline/Particles/SimpleLit' not found
Initialize mono
Mono path[0] = 'C:/Program Files/Unity/Hub/Editor/2020.3.15f2/Editor/Data/Managed'
Mono path[1] = 'C:/Program Files/Unity/Hub/Editor/2020.3.15f2/Editor/Data/MonoBleedingEdge/lib/mono/unityjit'
Mono config path = 'C:/Program Files/Unity/Hub/Editor/2020.3.15f2/Editor/Data/MonoBleedingEdge/etc'
Using monoOptions --debugger-agent=transport=dt_socket,embedding=1,server=y,suspend=n,address=127.0.0.1:56468
Begin MonoManager ReloadAssembly
Registering precompiled unity dll's ...
Register platform support module: C:/Program Files/Unity/Hub/Editor/2020.3.15f2/Editor/Data/PlaybackEngines/WebGLSupport/UnityEditor.WebGL.Extensions.dll
Register platform support module: C:/Program Files/Unity/Hub/Editor/2020.3.15f2/Editor/Data/PlaybackEngines/MacStandaloneSupport/UnityEditor.OSXStandalone.Extensions.dll
Register platform support module: C:/Program Files/Unity/Hub/Editor/2020.3.15f2/Editor/Data/PlaybackEngines/WindowsStandaloneSupport/UnityEditor.WindowsStandalone.Extensions.dll
Register platform support module: C:/Program Files/Unity/Hub/Editor/2020.3.15f2/Editor/Data/PlaybackEngines/LinuxStandaloneSupport/UnityEditor.LinuxStandalone.Extensions.dll
Register platform support module: C:/Program Files/Unity/Hub/Editor/2020.3.15f2/Editor/Data/PlaybackEngines/LuminSupport/UnityEditor.Lumin.Extensions.dll
Registered in 0.002413 seconds.
Native extension for Lumin target not found
Native extension for LinuxStandalone target not found
Native extension for WindowsStandalone target not found
Native extension for OSXStandalone target not found
Native extension for WebGL target not found
Refreshing native plugins compatible for Editor in 57.64 ms, found 3 plugins.
Preloading 0 native plugins for Editor in 0.00 ms.
Mono: successfully reloaded assembly
- Completed reload, in  1.426 seconds
Domain Reload Profiling:
	ReloadAssembly (1426ms)
		BeginReloadAssembly (35ms)
			ExecutionOrderSort (0ms)
			DisableScriptedObjects (0ms)
			BackupInstance (0ms)
			ReleaseScriptingObjects (0ms)
			CreateAndSetChildDomain (1ms)
		EndReloadAssembly (323ms)
			LoadAssemblies (34ms)
			RebuildTransferFunctionScriptingTraits (0ms)
			SetupTypeCache (109ms)
			ReleaseScriptCaches (0ms)
			RebuildScriptCaches (20ms)
			SetupLoadedEditorAssemblies (144ms)
				LogAssemblyErrors (0ms)
				InitializePlatformSupportModulesInManaged (5ms)
				SetLoadedEditorAssemblies (0ms)
				RefreshPlugins (58ms)
				BeforeProcessingInitializeOnLoad (10ms)
				ProcessInitializeOnLoadAttributes (53ms)
				ProcessInitializeOnLoadMethodAttributes (17ms)
				AfterProcessingInitializeOnLoad (0ms)
				EditorAssembliesLoaded (0ms)
			ExecutionOrderSort2 (0ms)
			AwakeInstancesAfterBackupRestoration (0ms)
Platform modules already initialized, skipping
Registering precompiled user dll's ...
Registered in 0.003439 seconds.
Begin MonoManager ReloadAssembly
Native extension for Lumin target not found
Native extension for LinuxStandalone target not found
Native extension for WindowsStandalone target not found
Native extension for OSXStandalone target not found
Native extension for WebGL target not found
Refreshing native plugins compatible for Editor in 55.98 ms, found 3 plugins.
Preloading 0 native plugins for Editor in 0.00 ms.
Mono: successfully reloaded assembly
- Completed reload, in  0.989 seconds
Domain Reload Profiling:
	ReloadAssembly (989ms)
		BeginReloadAssembly (102ms)
			ExecutionOrderSort (0ms)
			DisableScriptedObjects (3ms)
			BackupInstance (0ms)
			ReleaseScriptingObjects (0ms)
			CreateAndSetChildDomain (17ms)
		EndReloadAssembly (841ms)
			LoadAssemblies (69ms)
			RebuildTransferFunctionScriptingTraits (0ms)
			SetupTypeCache (244ms)
			ReleaseScriptCaches (1ms)
			RebuildScriptCaches (46ms)
			SetupLoadedEditorAssemblies (390ms)
				LogAssemblyErrors (0ms)
				InitializePlatformSupportModulesInManaged (5ms)
				SetLoadedEditorAssemblies (0ms)
				RefreshPlugins (56ms)
				BeforeProcessingInitializeOnLoad (88ms)
				ProcessInitializeOnLoadAttributes (227ms)
				ProcessInitializeOnLoadMethodAttributes (9ms)
				AfterProcessingInitializeOnLoad (4ms)
				EditorAssembliesLoaded (0ms)
			ExecutionOrderSort2 (0ms)
			AwakeInstancesAfterBackupRestoration (4ms)
Platform modules already initialized, skipping
========================================================================
Worker process is ready to serve import requests
Shader 'Universal Render Pipeline/Particles/Lit': fallback shader 'Universal Render Pipeline/Particles/SimpleLit' not found
Launched and connected shader compiler UnityShaderCompiler.exe after 0.06 seconds
Refreshing native plugins compatible for Editor in 0.83 ms, found 3 plugins.
Preloading 0 native plugins for Editor in 0.00 ms.
Unloading 3616 Unused Serialized files (Serialized files now loaded: 0)
System memory in use before: 230.2 MB.
System memory in use after: 230.4 MB.

Unloading 30 unused Assets to reduce memory usage. Loaded Objects now: 4067.
Total: 3.138200 ms (FindLiveObjects: 0.274900 ms CreateObjectMapping: 0.099000 ms MarkObjects: 2.659600 ms  DeleteObjects: 0.103300 ms)

AssetImportParameters requested are different than current active one (requested -> active):
  custom:framework-win-MediaFoundation: 216162199b28c13a410421893ffa2e32 -> 
  custom:video-decoder-ogg-theora: a1e56fd34408186e4bbccfd4996cb3dc -> 
  custom:container-muxer-webm: aa71ff27fc2769a1b78a27578f13a17b -> 
  custom:container-demuxer-webm: 4f35f7cbe854078d1ac9338744f61a02 -> 
  custom:container-demuxer-ogg: 62fdf1f143b41e24485cea50d1cbac27 -> 
  custom:video-encoder-webm-vp8: eb34c28f22e8b96e1ab97ce403110664 -> 
  custom:video-decoder-webm-vp8: 9c59270c3fd7afecdb556c50c9e8de78 -> 
  custom:audio-decoder-ogg-vorbis: bf7c407c2cedff20999df2af8eb42d56 -> 
  custom:audio-encoder-webm-vorbis: bf7c407c2cedff20999df2af8eb42d56 -> 
========================================================================
Received Import Request.
  path: Assets/Prefabs/BG.prefab
  artifactKey: Guid(f7f35cd32cf133542ae5362b074a913e) Importer(815301076,1909f56bfc062723c751e8b465ee728b)
Start importing Assets/Prefabs/BG.prefab using Guid(f7f35cd32cf133542ae5362b074a913e) Importer(815301076,1909f56bfc062723c751e8b465ee728b)  -> (artifact id: '99d0265ef99b69a25f12b463067bc95a') in 0.177158 seconds 
  Import took 0.184351 seconds .

========================================================================
Received Import Request.
  Time since last request: 1.205231 seconds.
  path: Assets/Scenes/Main Menu.unity
  artifactKey: Guid(8b0dfa216d14f3c4fa4dd4d1f8d6fdc2) Importer(815301076,1909f56bfc062723c751e8b465ee728b)
Start importing Assets/Scenes/Main Menu.unity using Guid(8b0dfa216d14f3c4fa4dd4d1f8d6fdc2) Importer(815301076,1909f56bfc062723c751e8b465ee728b)  -> (artifact id: 'ec3777746c2be7a232dc78328e957651') in 0.005401 seconds 
  Import took 0.010009 seconds .

========================================================================
Received Import Request.
  Time since last request: 2.251855 seconds.
  path: Assets/Scenes/Outro.unity
  artifactKey: Guid(ce61b5daaa89b524f85d39a3f7c1d6a6) Importer(815301076,1909f56bfc062723c751e8b465ee728b)
Start importing Assets/Scenes/Outro.unity using Guid(ce61b5daaa89b524f85d39a3f7c1d6a6) Importer(815301076,1909f56bfc062723c751e8b465ee728b)  -> (artifact id: '5c6945428219c1c076681f07d9cc15ff') in 0.005060 seconds 
  Import took 0.009693 seconds .

========================================================================
Received Import Request.
  Time since last request: 182.193498 seconds.
  path: Assets/CutsceneCanvas.cs
  artifactKey: Guid(e08f7067616458b4fbf0dc975d2f177b) Importer(815301076,1909f56bfc062723c751e8b465ee728b)
Start importing Assets/CutsceneCanvas.cs using Guid(e08f7067616458b4fbf0dc975d2f177b) Importer(815301076,1909f56bfc062723c751e8b465ee728b)  -> (artifact id: '1fd5d0279d95954b0e25cc8ba6d66ec0') in 0.008911 seconds 
  Import took 0.015477 seconds .

========================================================================
Received Import Request.
  Time since last request: 0.000527 seconds.
  path: Assets/CutsceneCanvas.cs
  artifactKey: Guid(e08f7067616458b4fbf0dc975d2f177b) Importer(815301076,1909f56bfc062723c751e8b465ee728b)
Start importing Assets/CutsceneCanvas.cs using Guid(e08f7067616458b4fbf0dc975d2f177b) Importer(815301076,1909f56bfc062723c751e8b465ee728b)  -> (artifact id: '1fd5d0279d95954b0e25cc8ba6d66ec0') in 0.002017 seconds 
  Import took 0.006684 seconds .

========================================================================
Received Import Request.
  Time since last request: 0.439083 seconds.
  path: Assets/FlyingBat.cs
  artifactKey: Guid(8d932ea8e34f3504c9ee2345f50ca38c) Importer(815301076,1909f56bfc062723c751e8b465ee728b)
Start importing Assets/FlyingBat.cs using Guid(8d932ea8e34f3504c9ee2345f50ca38c) Importer(815301076,1909f56bfc062723c751e8b465ee728b)  -> (artifact id: '8d5a70f16df6e6228a5b3ff0c5cc7e9b') in 0.006018 seconds 
  Import took 0.012173 seconds .

========================================================================
Received Import Request.
  Time since last request: 0.382908 seconds.
  path: Assets/EndCredits.unity
  artifactKey: Guid(118cc723b1e65414e9611da34c807863) Importer(815301076,1909f56bfc062723c751e8b465ee728b)
Start importing Assets/EndCredits.unity using Guid(118cc723b1e65414e9611da34c807863) Importer(815301076,1909f56bfc062723c751e8b465ee728b)  -> (artifact id: 'e555d1e9995cf23d30dab53a315ad964') in 0.006872 seconds 
  Import took 0.013957 seconds .

========================================================================
Received Prepare
Registering precompiled user dll's ...
Registered in 0.004030 seconds.
Begin MonoManager ReloadAssembly
Native extension for Lumin target not found
Native extension for LinuxStandalone target not found
Native extension for WindowsStandalone target not found
Native extension for OSXStandalone target not found
Native extension for WebGL target not found
Refreshing native plugins compatible for Editor in 0.81 ms, found 3 plugins.
Preloading 0 native plugins for Editor in 0.00 ms.
Mono: successfully reloaded assembly
- Completed reload, in  0.965 seconds
Domain Reload Profiling:
	ReloadAssembly (965ms)
		BeginReloadAssembly (110ms)
			ExecutionOrderSort (0ms)
			DisableScriptedObjects (6ms)
			BackupInstance (0ms)
			ReleaseScriptingObjects (0ms)
			CreateAndSetChildDomain (36ms)
		EndReloadAssembly (807ms)
			LoadAssemblies (71ms)
			RebuildTransferFunctionScriptingTraits (0ms)
			SetupTypeCache (249ms)
			ReleaseScriptCaches (2ms)
			RebuildScriptCaches (47ms)
			SetupLoadedEditorAssemblies (338ms)
				LogAssemblyErrors (0ms)
				InitializePlatformSupportModulesInManaged (7ms)
				SetLoadedEditorAssemblies (0ms)
				RefreshPlugins (1ms)
				BeforeProcessingInitializeOnLoad (98ms)
				ProcessInitializeOnLoadAttributes (223ms)
				ProcessInitializeOnLoadMethodAttributes (4ms)
				AfterProcessingInitializeOnLoad (4ms)
				EditorAssembliesLoaded (0ms)
			ExecutionOrderSort2 (0ms)
			AwakeInstancesAfterBackupRestoration (14ms)
Platform modules already initialized, skipping
Shader 'Universal Render Pipeline/Particles/Lit': fallback shader 'Universal Render Pipeline/Particles/SimpleLit' not found
Refreshing native plugins compatible for Editor in 0.74 ms, found 3 plugins.
Preloading 0 native plugins for Editor in 0.00 ms.
Unloading 3460 Unused Serialized files (Serialized files now loaded: 0)
System memory in use before: 224.1 MB.
System memory in use after: 224.3 MB.

Unloading 19 unused Assets to reduce memory usage. Loaded Objects now: 4115.
Total: 2.990500 ms (FindLiveObjects: 0.261700 ms CreateObjectMapping: 0.093900 ms MarkObjects: 2.613900 ms  DeleteObjects: 0.020000 ms)

AssetImportParameters requested are different than current active one (requested -> active):
  custom:framework-win-MediaFoundation: 216162199b28c13a410421893ffa2e32 -> 
  custom:video-decoder-ogg-theora: a1e56fd34408186e4bbccfd4996cb3dc -> 
  custom:container-muxer-webm: aa71ff27fc2769a1b78a27578f13a17b -> 
  custom:container-demuxer-webm: 4f35f7cbe854078d1ac9338744f61a02 -> 
  custom:container-demuxer-ogg: 62fdf1f143b41e24485cea50d1cbac27 -> 
  custom:video-encoder-webm-vp8: eb34c28f22e8b96e1ab97ce403110664 -> 
  custom:video-decoder-webm-vp8: 9c59270c3fd7afecdb556c50c9e8de78 -> 
  custom:audio-decoder-ogg-vorbis: bf7c407c2cedff20999df2af8eb42d56 -> 
  custom:audio-encoder-webm-vorbis: bf7c407c2cedff20999df2af8eb42d56 -> 
========================================================================
Received Prepare
Registering precompiled user dll's ...
Registered in 0.003455 seconds.
Begin MonoManager ReloadAssembly
Native extension for Lumin target not found
Native extension for LinuxStandalone target not found
Native extension for WindowsStandalone target not found
Native extension for OSXStandalone target not found
Native extension for WebGL target not found
Refreshing native plugins compatible for Editor in 0.75 ms, found 3 plugins.
Preloading 0 native plugins for Editor in 0.00 ms.
Mono: successfully reloaded assembly
- Completed reload, in  0.967 seconds
Domain Reload Profiling:
	ReloadAssembly (967ms)
		BeginReloadAssembly (91ms)
			ExecutionOrderSort (0ms)
			DisableScriptedObjects (5ms)
			BackupInstance (0ms)
			ReleaseScriptingObjects (0ms)
			CreateAndSetChildDomain (31ms)
		EndReloadAssembly (827ms)
			LoadAssemblies (71ms)
			RebuildTransferFunctionScriptingTraits (0ms)
			SetupTypeCache (250ms)
			ReleaseScriptCaches (2ms)
			RebuildScriptCaches (50ms)
			SetupLoadedEditorAssemblies (356ms)
				LogAssemblyErrors (0ms)
				InitializePlatformSupportModulesInManaged (7ms)
				SetLoadedEditorAssemblies (0ms)
				RefreshPlugins (1ms)
				BeforeProcessingInitializeOnLoad (124ms)
				ProcessInitializeOnLoadAttributes (216ms)
				ProcessInitializeOnLoadMethodAttributes (4ms)
				AfterProcessingInitializeOnLoad (4ms)
				EditorAssembliesLoaded (0ms)
			ExecutionOrderSort2 (0ms)
			AwakeInstancesAfterBackupRestoration (13ms)
Platform modules already initialized, skipping
Shader 'Universal Render Pipeline/Particles/Lit': fallback shader 'Universal Render Pipeline/Particles/SimpleLit' not found
Refreshing native plugins compatible for Editor in 0.66 ms, found 3 plugins.
Preloading 0 native plugins for Editor in 0.00 ms.
Unloading 3461 Unused Serialized files (Serialized files now loaded: 0)
System memory in use before: 224.2 MB.
System memory in use after: 224.4 MB.

Unloading 19 unused Assets to reduce memory usage. Loaded Objects now: 4119.
Total: 2.702300 ms (FindLiveObjects: 0.343300 ms CreateObjectMapping: 0.100000 ms MarkObjects: 2.238800 ms  DeleteObjects: 0.018900 ms)

AssetImportParameters requested are different than current active one (requested -> active):
  custom:framework-win-MediaFoundation: 216162199b28c13a410421893ffa2e32 -> 
  custom:video-decoder-ogg-theora: a1e56fd34408186e4bbccfd4996cb3dc -> 
  custom:container-muxer-webm: aa71ff27fc2769a1b78a27578f13a17b -> 
  custom:container-demuxer-webm: 4f35f7cbe854078d1ac9338744f61a02 -> 
  custom:container-demuxer-ogg: 62fdf1f143b41e24485cea50d1cbac27 -> 
  custom:video-encoder-webm-vp8: eb34c28f22e8b96e1ab97ce403110664 -> 
  custom:video-decoder-webm-vp8: 9c59270c3fd7afecdb556c50c9e8de78 -> 
  custom:audio-decoder-ogg-vorbis: bf7c407c2cedff20999df2af8eb42d56 -> 
  custom:audio-encoder-webm-vorbis: bf7c407c2cedff20999df2af8eb42d56 -> 
========================================================================
Received Prepare
Registering precompiled user dll's ...
Registered in 0.003283 seconds.
Begin MonoManager ReloadAssembly
Native extension for Lumin target not found
Native extension for LinuxStandalone target not found
Native extension for WindowsStandalone target not found
Native extension for OSXStandalone target not found
Native extension for WebGL target not found
Refreshing native plugins compatible for Editor in 0.73 ms, found 3 plugins.
Preloading 0 native plugins for Editor in 0.00 ms.
Mono: successfully reloaded assembly
- Completed reload, in  0.917 seconds
Domain Reload Profiling:
	ReloadAssembly (918ms)
		BeginReloadAssembly (86ms)
			ExecutionOrderSort (0ms)
			DisableScriptedObjects (4ms)
			BackupInstance (0ms)
			ReleaseScriptingObjects (0ms)
			CreateAndSetChildDomain (29ms)
		EndReloadAssembly (785ms)
			LoadAssemblies (66ms)
			RebuildTransferFunctionScriptingTraits (0ms)
			SetupTypeCache (243ms)
			ReleaseScriptCaches (2ms)
			RebuildScriptCaches (49ms)
			SetupLoadedEditorAssemblies (323ms)
				LogAssemblyErrors (0ms)
				InitializePlatformSupportModulesInManaged (6ms)
				SetLoadedEditorAssemblies (0ms)
				RefreshPlugins (1ms)
				BeforeProcessingInitializeOnLoad (95ms)
				ProcessInitializeOnLoadAttributes (210ms)
				ProcessInitializeOnLoadMethodAttributes (6ms)
				AfterProcessingInitializeOnLoad (4ms)
				EditorAssembliesLoaded (0ms)
			ExecutionOrderSort2 (0ms)
			AwakeInstancesAfterBackupRestoration (14ms)
Platform modules already initialized, skipping
Shader 'Universal Render Pipeline/Particles/Lit': fallback shader 'Universal Render Pipeline/Particles/SimpleLit' not found
Refreshing native plugins compatible for Editor in 0.70 ms, found 3 plugins.
Preloading 0 native plugins for Editor in 0.00 ms.
Unloading 3461 Unused Serialized files (Serialized files now loaded: 0)
System memory in use before: 224.2 MB.
System memory in use after: 224.4 MB.

Unloading 19 unused Assets to reduce memory usage. Loaded Objects now: 4122.
Total: 2.441800 ms (FindLiveObjects: 0.204200 ms CreateObjectMapping: 0.072100 ms MarkObjects: 2.147600 ms  DeleteObjects: 0.016900 ms)

AssetImportParameters requested are different than current active one (requested -> active):
  custom:framework-win-MediaFoundation: 216162199b28c13a410421893ffa2e32 -> 
  custom:video-decoder-ogg-theora: a1e56fd34408186e4bbccfd4996cb3dc -> 
  custom:container-muxer-webm: aa71ff27fc2769a1b78a27578f13a17b -> 
  custom:container-demuxer-webm: 4f35f7cbe854078d1ac9338744f61a02 -> 
  custom:container-demuxer-ogg: 62fdf1f143b41e24485cea50d1cbac27 -> 
  custom:video-encoder-webm-vp8: eb34c28f22e8b96e1ab97ce403110664 -> 
  custom:video-decoder-webm-vp8: 9c59270c3fd7afecdb556c50c9e8de78 -> 
  custom:audio-decoder-ogg-vorbis: bf7c407c2cedff20999df2af8eb42d56 -> 
  custom:audio-encoder-webm-vorbis: bf7c407c2cedff20999df2af8eb42d56 -> 
========================================================================
Received Prepare
Shader 'Universal Render Pipeline/Particles/Lit': fallback shader 'Universal Render Pipeline/Particles/SimpleLit' not found
Refreshing native plugins compatible for Editor in 3.52 ms, found 3 plugins.
Preloading 0 native plugins for Editor in 0.00 ms.
Unloading 16 Unused Serialized files (Serialized files now loaded: 0)
System memory in use before: 156.2 MB.
System memory in use after: 156.4 MB.

Unloading 15 unused Assets to reduce memory usage. Loaded Objects now: 4122.
Total: 3.572000 ms (FindLiveObjects: 0.274700 ms CreateObjectMapping: 0.099000 ms MarkObjects: 3.179700 ms  DeleteObjects: 0.017600 ms)

AssetImportParameters requested are different than current active one (requested -> active):
  custom:framework-win-MediaFoundation: 216162199b28c13a410421893ffa2e32 -> 
  custom:video-decoder-ogg-theora: a1e56fd34408186e4bbccfd4996cb3dc -> 
  custom:container-muxer-webm: aa71ff27fc2769a1b78a27578f13a17b -> 
  custom:container-demuxer-webm: 4f35f7cbe854078d1ac9338744f61a02 -> 
  custom:container-demuxer-ogg: 62fdf1f143b41e24485cea50d1cbac27 -> 
  custom:video-encoder-webm-vp8: eb34c28f22e8b96e1ab97ce403110664 -> 
  custom:video-decoder-webm-vp8: 9c59270c3fd7afecdb556c50c9e8de78 -> 
  custom:audio-decoder-ogg-vorbis: bf7c407c2cedff20999df2af8eb42d56 -> 
  custom:audio-encoder-webm-vorbis: bf7c407c2cedff20999df2af8eb42d56 -> 
========================================================================
Received Import Request.
  Time since last request: 6106.072273 seconds.
  path: Assets/Scenes/1.unity
  artifactKey: Guid(2215e6c5f750aa140bef5f5416905b5e) Importer(815301076,1909f56bfc062723c751e8b465ee728b)
Start importing Assets/Scenes/1.unity using Guid(2215e6c5f750aa140bef5f5416905b5e) Importer(815301076,1909f56bfc062723c751e8b465ee728b)  -> (artifact id: '6d5ccb02d29a7191934c4ec9ccb0b2df') in 0.031313 seconds 
  Import took 0.038113 seconds .

========================================================================
Received Import Request.
  Time since last request: 473.821362 seconds.
  path: Assets/Scenes/1.unity
  artifactKey: Guid(2215e6c5f750aa140bef5f5416905b5e) Importer(815301076,1909f56bfc062723c751e8b465ee728b)
Start importing Assets/Scenes/1.unity using Guid(2215e6c5f750aa140bef5f5416905b5e) Importer(815301076,1909f56bfc062723c751e8b465ee728b)  -> (artifact id: '9b2944b882eca4a205c18b32d37ddd1d') in 0.002877 seconds 
  Import took 0.010714 seconds .

========================================================================
Received Import Request.
  Time since last request: 0.002247 seconds.
  path: Assets/Scenes/1.unity
  artifactKey: Guid(2215e6c5f750aa140bef5f5416905b5e) Importer(815301076,1909f56bfc062723c751e8b465ee728b)
Start importing Assets/Scenes/1.unity using Guid(2215e6c5f750aa140bef5f5416905b5e) Importer(815301076,1909f56bfc062723c751e8b465ee728b)  -> (artifact id: '9b2944b882eca4a205c18b32d37ddd1d') in 0.002603 seconds 
  Import took 0.008110 seconds .

========================================================================
Received Import Request.
  Time since last request: 4.055101 seconds.
  path: Assets/Scenes/2.unity
  artifactKey: Guid(2cda990e2423bbf4892e6590ba056729) Importer(815301076,1909f56bfc062723c751e8b465ee728b)
Start importing Assets/Scenes/2.unity using Guid(2cda990e2423bbf4892e6590ba056729) Importer(815301076,1909f56bfc062723c751e8b465ee728b)  -> (artifact id: '39f1cc5187caf67fad18047a3c54639a') in 0.007009 seconds 
  Import took 0.012571 seconds .

========================================================================
Received Import Request.
  Time since last request: 4.151995 seconds.
  path: Assets/Scenes/4.unity
  artifactKey: Guid(16aff5658a8484a45a19660d7be999f0) Importer(815301076,1909f56bfc062723c751e8b465ee728b)
Start importing Assets/Scenes/4.unity using Guid(16aff5658a8484a45a19660d7be999f0) Importer(815301076,1909f56bfc062723c751e8b465ee728b)  -> (artifact id: '344b8a34cf1f4395f77dca7e07949e1f') in 0.005661 seconds 
  Import took 0.011098 seconds .

========================================================================
Received Import Request.
  Time since last request: 0.954691 seconds.
  path: Assets/Scenes/5.unity
  artifactKey: Guid(f83688097b459a4438ba44dd501a5c46) Importer(815301076,1909f56bfc062723c751e8b465ee728b)
Start importing Assets/Scenes/5.unity using Guid(f83688097b459a4438ba44dd501a5c46) Importer(815301076,1909f56bfc062723c751e8b465ee728b)  -> (artifact id: '09c9ee2b460aa33a38515d586e30f41a') in 0.005723 seconds 
  Import took 0.010800 seconds .

========================================================================
Received Import Request.
  Time since last request: 0.595896 seconds.
  path: Assets/Scenes/6.unity
  artifactKey: Guid(e4f4db4507221544db3e1e80e945af3e) Importer(815301076,1909f56bfc062723c751e8b465ee728b)
Start importing Assets/Scenes/6.unity using Guid(e4f4db4507221544db3e1e80e945af3e) Importer(815301076,1909f56bfc062723c751e8b465ee728b)  -> (artifact id: '31537906a7cc84e5afedefb1aca6f837') in 0.005246 seconds 
  Import took 0.010191 seconds .

========================================================================
Received Prepare
Shader 'Universal Render Pipeline/Particles/Lit': fallback shader 'Universal Render Pipeline/Particles/SimpleLit' not found
Refreshing native plugins compatible for Editor in 4.30 ms, found 3 plugins.
Preloading 0 native plugins for Editor in 0.00 ms.
Unloading 16 Unused Serialized files (Serialized files now loaded: 0)
System memory in use before: 156.2 MB.
System memory in use after: 156.5 MB.

Unloading 15 unused Assets to reduce memory usage. Loaded Objects now: 4122.
Total: 6.165100 ms (FindLiveObjects: 0.280700 ms CreateObjectMapping: 0.097300 ms MarkObjects: 5.768000 ms  DeleteObjects: 0.018400 ms)

AssetImportParameters requested are different than current active one (requested -> active):
  custom:framework-win-MediaFoundation: 216162199b28c13a410421893ffa2e32 -> 
  custom:video-decoder-ogg-theora: a1e56fd34408186e4bbccfd4996cb3dc -> 
  custom:container-muxer-webm: aa71ff27fc2769a1b78a27578f13a17b -> 
  custom:container-demuxer-webm: 4f35f7cbe854078d1ac9338744f61a02 -> 
  custom:container-demuxer-ogg: 62fdf1f143b41e24485cea50d1cbac27 -> 
  custom:video-encoder-webm-vp8: eb34c28f22e8b96e1ab97ce403110664 -> 
  custom:video-decoder-webm-vp8: 9c59270c3fd7afecdb556c50c9e8de78 -> 
  custom:audio-decoder-ogg-vorbis: bf7c407c2cedff20999df2af8eb42d56 -> 
  custom:audio-encoder-webm-vorbis: bf7c407c2cedff20999df2af8eb42d56 -> 
========================================================================
Received Import Request.
  Time since last request: 1181.676064 seconds.
  path: Assets/Scenes/1.unity
  artifactKey: Guid(2215e6c5f750aa140bef5f5416905b5e) Importer(815301076,1909f56bfc062723c751e8b465ee728b)
Start importing Assets/Scenes/1.unity using Guid(2215e6c5f750aa140bef5f5416905b5e) Importer(815301076,1909f56bfc062723c751e8b465ee728b)  -> (artifact id: '2d059395cf72360cc734b95e97618105') in 0.008509 seconds 
  Import took 0.016254 seconds .

========================================================================
Received Import Request.
  Time since last request: 198.113523 seconds.
  path: Assets/Scenes/4.unity
  artifactKey: Guid(16aff5658a8484a45a19660d7be999f0) Importer(815301076,1909f56bfc062723c751e8b465ee728b)
Start importing Assets/Scenes/4.unity using Guid(16aff5658a8484a45a19660d7be999f0) Importer(815301076,1909f56bfc062723c751e8b465ee728b)  -> (artifact id: '56688da2cfe5c5258baec07537e8f30a') in 0.003174 seconds 
  Import took 0.011787 seconds .

========================================================================
Received Prepare
Shader 'Universal Render Pipeline/Particles/Lit': fallback shader 'Universal Render Pipeline/Particles/SimpleLit' not found
Refreshing native plugins compatible for Editor in 4.15 ms, found 3 plugins.
Preloading 0 native plugins for Editor in 0.00 ms.
Unloading 16 Unused Serialized files (Serialized files now loaded: 0)
System memory in use before: 156.2 MB.
System memory in use after: 156.5 MB.

Unloading 15 unused Assets to reduce memory usage. Loaded Objects now: 4122.
Total: 4.037400 ms (FindLiveObjects: 0.248500 ms CreateObjectMapping: 0.095100 ms MarkObjects: 3.675700 ms  DeleteObjects: 0.017100 ms)

AssetImportParameters requested are different than current active one (requested -> active):
  custom:framework-win-MediaFoundation: 216162199b28c13a410421893ffa2e32 -> 
  custom:video-decoder-ogg-theora: a1e56fd34408186e4bbccfd4996cb3dc -> 
  custom:container-muxer-webm: aa71ff27fc2769a1b78a27578f13a17b -> 
  custom:container-demuxer-webm: 4f35f7cbe854078d1ac9338744f61a02 -> 
  custom:container-demuxer-ogg: 62fdf1f143b41e24485cea50d1cbac27 -> 
  custom:video-encoder-webm-vp8: eb34c28f22e8b96e1ab97ce403110664 -> 
  custom:video-decoder-webm-vp8: 9c59270c3fd7afecdb556c50c9e8de78 -> 
  custom:audio-decoder-ogg-vorbis: bf7c407c2cedff20999df2af8eb42d56 -> 
  custom:audio-encoder-webm-vorbis: bf7c407c2cedff20999df2af8eb42d56 -> 
========================================================================
Received Prepare
Shader 'Universal Render Pipeline/Particles/Lit': fallback shader 'Universal Render Pipeline/Particles/SimpleLit' not found
Refreshing native plugins compatible for Editor in 3.89 ms, found 3 plugins.
Preloading 0 native plugins for Editor in 0.00 ms.
Unloading 16 Unused Serialized files (Serialized files now loaded: 0)
System memory in use before: 156.2 MB.
System memory in use after: 156.5 MB.

Unloading 15 unused Assets to reduce memory usage. Loaded Objects now: 4122.
Total: 4.298200 ms (FindLiveObjects: 0.277800 ms CreateObjectMapping: 0.079800 ms MarkObjects: 3.882600 ms  DeleteObjects: 0.057000 ms)

AssetImportParameters requested are different than current active one (requested -> active):
  custom:framework-win-MediaFoundation: 216162199b28c13a410421893ffa2e32 -> 
  custom:video-decoder-ogg-theora: a1e56fd34408186e4bbccfd4996cb3dc -> 
  custom:container-muxer-webm: aa71ff27fc2769a1b78a27578f13a17b -> 
  custom:container-demuxer-webm: 4f35f7cbe854078d1ac9338744f61a02 -> 
  custom:container-demuxer-ogg: 62fdf1f143b41e24485cea50d1cbac27 -> 
  custom:video-encoder-webm-vp8: eb34c28f22e8b96e1ab97ce403110664 -> 
  custom:video-decoder-webm-vp8: 9c59270c3fd7afecdb556c50c9e8de78 -> 
  custom:audio-decoder-ogg-vorbis: bf7c407c2cedff20999df2af8eb42d56 -> 
  custom:audio-encoder-webm-vorbis: bf7c407c2cedff20999df2af8eb42d56 -> 
========================================================================
Received Import Request.
  Time since last request: 7390.385232 seconds.
  path: Assets/EndCredits.unity
  artifactKey: Guid(118cc723b1e65414e9611da34c807863) Importer(815301076,1909f56bfc062723c751e8b465ee728b)
Start importing Assets/EndCredits.unity using Guid(118cc723b1e65414e9611da34c807863) Importer(815301076,1909f56bfc062723c751e8b465ee728b)  -> (artifact id: '059cadbece0bd7f3bd99cc0fa58d6732') in 0.043488 seconds 
  Import took 0.056200 seconds .

========================================================================
Received Import Request.
  Time since last request: 23.341137 seconds.
  path: Assets/Scenes/1.unity
  artifactKey: Guid(2215e6c5f750aa140bef5f5416905b5e) Importer(815301076,1909f56bfc062723c751e8b465ee728b)
Start importing Assets/Scenes/1.unity using Guid(2215e6c5f750aa140bef5f5416905b5e) Importer(815301076,1909f56bfc062723c751e8b465ee728b)  -> (artifact id: 'fc68aacd4fe04cbf7840cc8fdd26b948') in 0.008530 seconds 
  Import took 0.016181 seconds .

========================================================================
Received Import Request.
  Time since last request: 0.603113 seconds.
  path: Assets/Scenes/2.unity
  artifactKey: Guid(2cda990e2423bbf4892e6590ba056729) Importer(815301076,1909f56bfc062723c751e8b465ee728b)
Start importing Assets/Scenes/2.unity using Guid(2cda990e2423bbf4892e6590ba056729) Importer(815301076,1909f56bfc062723c751e8b465ee728b)  -> (artifact id: '09bc47fcc72c21a940b2ca0a14b71535') in 0.007128 seconds 
  Import took 0.014516 seconds .

========================================================================
Received Import Request.
  Time since last request: 57.796498 seconds.
  path: Assets/Scenes/Main Menu.unity
  artifactKey: Guid(8b0dfa216d14f3c4fa4dd4d1f8d6fdc2) Importer(815301076,1909f56bfc062723c751e8b465ee728b)
Start importing Assets/Scenes/Main Menu.unity using Guid(8b0dfa216d14f3c4fa4dd4d1f8d6fdc2) Importer(815301076,1909f56bfc062723c751e8b465ee728b)  -> (artifact id: 'c032efb1d0a63d782ed7f17bc5bb114a') in 0.006925 seconds 
  Import took 0.012674 seconds .

========================================================================
Received Prepare
Shader 'Universal Render Pipeline/Particles/Lit': fallback shader 'Universal Render Pipeline/Particles/SimpleLit' not found
Refreshing native plugins compatible for Editor in 5.01 ms, found 3 plugins.
Preloading 0 native plugins for Editor in 0.00 ms.
Unloading 16 Unused Serialized files (Serialized files now loaded: 0)
System memory in use before: 156.2 MB.
System memory in use after: 156.5 MB.

Unloading 15 unused Assets to reduce memory usage. Loaded Objects now: 4122.
Total: 8.061300 ms (FindLiveObjects: 0.321900 ms CreateObjectMapping: 0.116500 ms MarkObjects: 7.535900 ms  DeleteObjects: 0.085500 ms)

AssetImportParameters requested are different than current active one (requested -> active):
  custom:framework-win-MediaFoundation: 216162199b28c13a410421893ffa2e32 -> 
  custom:video-decoder-ogg-theora: a1e56fd34408186e4bbccfd4996cb3dc -> 
  custom:container-muxer-webm: aa71ff27fc2769a1b78a27578f13a17b -> 
  custom:container-demuxer-webm: 4f35f7cbe854078d1ac9338744f61a02 -> 
  custom:container-demuxer-ogg: 62fdf1f143b41e24485cea50d1cbac27 -> 
  custom:video-encoder-webm-vp8: eb34c28f22e8b96e1ab97ce403110664 -> 
  custom:video-decoder-webm-vp8: 9c59270c3fd7afecdb556c50c9e8de78 -> 
  custom:audio-decoder-ogg-vorbis: bf7c407c2cedff20999df2af8eb42d56 -> 
  custom:audio-encoder-webm-vorbis: bf7c407c2cedff20999df2af8eb42d56 -> 
========================================================================
Received Prepare
Shader 'Universal Render Pipeline/Particles/Lit': fallback shader 'Universal Render Pipeline/Particles/SimpleLit' not found
Refreshing native plugins compatible for Editor in 3.57 ms, found 3 plugins.
Preloading 0 native plugins for Editor in 0.00 ms.
Unloading 16 Unused Serialized files (Serialized files now loaded: 0)
System memory in use before: 156.2 MB.
System memory in use after: 156.5 MB.

Unloading 15 unused Assets to reduce memory usage. Loaded Objects now: 4122.
Total: 3.239500 ms (FindLiveObjects: 0.272000 ms CreateObjectMapping: 0.101200 ms MarkObjects: 2.849900 ms  DeleteObjects: 0.015700 ms)

AssetImportParameters requested are different than current active one (requested -> active):
  custom:framework-win-MediaFoundation: 216162199b28c13a410421893ffa2e32 -> 
  custom:video-decoder-ogg-theora: a1e56fd34408186e4bbccfd4996cb3dc -> 
  custom:container-muxer-webm: aa71ff27fc2769a1b78a27578f13a17b -> 
  custom:container-demuxer-webm: 4f35f7cbe854078d1ac9338744f61a02 -> 
  custom:container-demuxer-ogg: 62fdf1f143b41e24485cea50d1cbac27 -> 
  custom:video-encoder-webm-vp8: eb34c28f22e8b96e1ab97ce403110664 -> 
  custom:video-decoder-webm-vp8: 9c59270c3fd7afecdb556c50c9e8de78 -> 
  custom:audio-decoder-ogg-vorbis: bf7c407c2cedff20999df2af8eb42d56 -> 
  custom:audio-encoder-webm-vorbis: bf7c407c2cedff20999df2af8eb42d56 -> 
========================================================================
Received Import Request.
  Time since last request: 834.373362 seconds.
  path: Assets/BossControl.cs
  artifactKey: Guid(ee55f6ba303fb3645a617c00cf8f8be3) Importer(815301076,1909f56bfc062723c751e8b465ee728b)
Start importing Assets/BossControl.cs using Guid(ee55f6ba303fb3645a617c00cf8f8be3) Importer(815301076,1909f56bfc062723c751e8b465ee728b)  -> (artifact id: '720447426ce5ada450fae7d9227c5c94') in 0.007245 seconds 
  Import took 0.016229 seconds .

========================================================================
Received Import Request.
  Time since last request: 0.001279 seconds.
  path: Assets/BossControl.cs
  artifactKey: Guid(ee55f6ba303fb3645a617c00cf8f8be3) Importer(815301076,1909f56bfc062723c751e8b465ee728b)
Start importing Assets/BossControl.cs using Guid(ee55f6ba303fb3645a617c00cf8f8be3) Importer(815301076,1909f56bfc062723c751e8b465ee728b)  -> (artifact id: '720447426ce5ada450fae7d9227c5c94') in 0.002527 seconds 
  Import took 0.008460 seconds .

========================================================================
Received Import Request.
  Time since last request: 0.432273 seconds.
  path: Assets/1-_First_Place.mp3
  artifactKey: Guid(7b249a90a06a0504287d0d8da046afdc) Importer(815301076,1909f56bfc062723c751e8b465ee728b)
Start importing Assets/1-_First_Place.mp3 using Guid(7b249a90a06a0504287d0d8da046afdc) Importer(815301076,1909f56bfc062723c751e8b465ee728b)  -> (artifact id: '422f76e92f24dfa600d5631f3bdf6a47') in 0.084995 seconds 
  Import took 0.091388 seconds .

========================================================================
Received Prepare
Registering precompiled user dll's ...
Registered in 0.003226 seconds.
Begin MonoManager ReloadAssembly
Native extension for Lumin target not found
Native extension for LinuxStandalone target not found
Native extension for WindowsStandalone target not found
Native extension for OSXStandalone target not found
Native extension for WebGL target not found
Refreshing native plugins compatible for Editor in 0.66 ms, found 3 plugins.
Preloading 0 native plugins for Editor in 0.00 ms.
Mono: successfully reloaded assembly
- Completed reload, in  1.096 seconds
Domain Reload Profiling:
	ReloadAssembly (1097ms)
		BeginReloadAssembly (175ms)
			ExecutionOrderSort (0ms)
			DisableScriptedObjects (13ms)
			BackupInstance (0ms)
			ReleaseScriptingObjects (0ms)
			CreateAndSetChildDomain (89ms)
		EndReloadAssembly (865ms)
			LoadAssemblies (93ms)
			RebuildTransferFunctionScriptingTraits (0ms)
			SetupTypeCache (278ms)
			ReleaseScriptCaches (2ms)
			RebuildScriptCaches (52ms)
			SetupLoadedEditorAssemblies (345ms)
				LogAssemblyErrors (0ms)
				InitializePlatformSupportModulesInManaged (7ms)
				SetLoadedEditorAssemblies (0ms)
				RefreshPlugins (1ms)
				BeforeProcessingInitializeOnLoad (98ms)
				ProcessInitializeOnLoadAttributes (231ms)
				ProcessInitializeOnLoadMethodAttributes (4ms)
				AfterProcessingInitializeOnLoad (4ms)
				EditorAssembliesLoaded (0ms)
			ExecutionOrderSort2 (0ms)
			AwakeInstancesAfterBackupRestoration (14ms)
Platform modules already initialized, skipping
Shader 'Universal Render Pipeline/Particles/Lit': fallback shader 'Universal Render Pipeline/Particles/SimpleLit' not found
Refreshing native plugins compatible for Editor in 0.76 ms, found 3 plugins.
Preloading 0 native plugins for Editor in 0.00 ms.
Unloading 3461 Unused Serialized files (Serialized files now loaded: 0)
System memory in use before: 224.3 MB.
System memory in use after: 224.5 MB.

Unloading 19 unused Assets to reduce memory usage. Loaded Objects now: 4125.
Total: 2.806300 ms (FindLiveObjects: 0.264600 ms CreateObjectMapping: 0.114400 ms MarkObjects: 2.385600 ms  DeleteObjects: 0.040200 ms)

AssetImportParameters requested are different than current active one (requested -> active):
  custom:framework-win-MediaFoundation: 216162199b28c13a410421893ffa2e32 -> 
  custom:video-decoder-ogg-theora: a1e56fd34408186e4bbccfd4996cb3dc -> 
  custom:container-muxer-webm: aa71ff27fc2769a1b78a27578f13a17b -> 
  custom:container-demuxer-webm: 4f35f7cbe854078d1ac9338744f61a02 -> 
  custom:container-demuxer-ogg: 62fdf1f143b41e24485cea50d1cbac27 -> 
  custom:video-encoder-webm-vp8: eb34c28f22e8b96e1ab97ce403110664 -> 
  custom:video-decoder-webm-vp8: 9c59270c3fd7afecdb556c50c9e8de78 -> 
  custom:audio-decoder-ogg-vorbis: bf7c407c2cedff20999df2af8eb42d56 -> 
  custom:audio-encoder-webm-vorbis: bf7c407c2cedff20999df2af8eb42d56 -> 
========================================================================
Received Prepare
Registering precompiled user dll's ...
Registered in 0.003213 seconds.
Begin MonoManager ReloadAssembly
Native extension for Lumin target not found
Native extension for LinuxStandalone target not found
Native extension for WindowsStandalone target not found
Native extension for OSXStandalone target not found
Native extension for WebGL target not found
Refreshing native plugins compatible for Editor in 0.69 ms, found 3 plugins.
Preloading 0 native plugins for Editor in 0.00 ms.
Mono: successfully reloaded assembly
- Completed reload, in  0.956 seconds
Domain Reload Profiling:
	ReloadAssembly (956ms)
		BeginReloadAssembly (98ms)
			ExecutionOrderSort (0ms)
			DisableScriptedObjects (5ms)
			BackupInstance (0ms)
			ReleaseScriptingObjects (0ms)
			CreateAndSetChildDomain (36ms)
		EndReloadAssembly (810ms)
			LoadAssemblies (70ms)
			RebuildTransferFunctionScriptingTraits (0ms)
			SetupTypeCache (264ms)
			ReleaseScriptCaches (2ms)
			RebuildScriptCaches (47ms)
			SetupLoadedEditorAssemblies (330ms)
				LogAssemblyErrors (0ms)
				InitializePlatformSupportModulesInManaged (6ms)
				SetLoadedEditorAssemblies (0ms)
				RefreshPlugins (1ms)
				BeforeProcessingInitializeOnLoad (96ms)
				ProcessInitializeOnLoadAttributes (219ms)
				ProcessInitializeOnLoadMethodAttributes (4ms)
				AfterProcessingInitializeOnLoad (4ms)
				EditorAssembliesLoaded (0ms)
			ExecutionOrderSort2 (0ms)
			AwakeInstancesAfterBackupRestoration (14ms)
Platform modules already initialized, skipping
Shader 'Universal Render Pipeline/Particles/Lit': fallback shader 'Universal Render Pipeline/Particles/SimpleLit' not found
Refreshing native plugins compatible for Editor in 0.72 ms, found 3 plugins.
Preloading 0 native plugins for Editor in 0.00 ms.
Unloading 3461 Unused Serialized files (Serialized files now loaded: 0)
System memory in use before: 224.3 MB.
System memory in use after: 224.6 MB.

Unloading 19 unused Assets to reduce memory usage. Loaded Objects now: 4128.
Total: 2.776700 ms (FindLiveObjects: 0.225500 ms CreateObjectMapping: 0.077700 ms MarkObjects: 2.442000 ms  DeleteObjects: 0.030100 ms)

AssetImportParameters requested are different than current active one (requested -> active):
  custom:framework-win-MediaFoundation: 216162199b28c13a410421893ffa2e32 -> 
  custom:video-decoder-ogg-theora: a1e56fd34408186e4bbccfd4996cb3dc -> 
  custom:container-muxer-webm: aa71ff27fc2769a1b78a27578f13a17b -> 
  custom:container-demuxer-webm: 4f35f7cbe854078d1ac9338744f61a02 -> 
  custom:container-demuxer-ogg: 62fdf1f143b41e24485cea50d1cbac27 -> 
  custom:video-encoder-webm-vp8: eb34c28f22e8b96e1ab97ce403110664 -> 
  custom:video-decoder-webm-vp8: 9c59270c3fd7afecdb556c50c9e8de78 -> 
  custom:audio-decoder-ogg-vorbis: bf7c407c2cedff20999df2af8eb42d56 -> 
  custom:audio-encoder-webm-vorbis: bf7c407c2cedff20999df2af8eb42d56 -> 
========================================================================
Received Import Request.
  Time since last request: 122.747706 seconds.
  path: Assets/EndCredits.unity
  artifactKey: Guid(118cc723b1e65414e9611da34c807863) Importer(815301076,1909f56bfc062723c751e8b465ee728b)
Start importing Assets/EndCredits.unity using Guid(118cc723b1e65414e9611da34c807863) Importer(815301076,1909f56bfc062723c751e8b465ee728b)  -> (artifact id: 'f2cd4a320daa3f0ebacbcdc39b169fdb') in 0.016185 seconds 
  Import took 0.021708 seconds .

========================================================================
Received Import Request.
  Time since last request: 0.433056 seconds.
  path: Assets/Crosshair.prefab
  artifactKey: Guid(0e4c8ebd333c7d64b90440d8c75b219e) Importer(815301076,1909f56bfc062723c751e8b465ee728b)
Start importing Assets/Crosshair.prefab using Guid(0e4c8ebd333c7d64b90440d8c75b219e) Importer(815301076,1909f56bfc062723c751e8b465ee728b)  -> (artifact id: '3c8dccb69e8880d129c8913fef3f0303') in 0.139319 seconds 
  Import took 0.144655 seconds .

========================================================================
Received Import Request.
  Time since last request: 0.490446 seconds.
  path: Assets/BossLevelManager.cs
  artifactKey: Guid(1ea2bf890ff3e6e4aa87a23c5d3853bd) Importer(815301076,1909f56bfc062723c751e8b465ee728b)
Start importing Assets/BossLevelManager.cs using Guid(1ea2bf890ff3e6e4aa87a23c5d3853bd) Importer(815301076,1909f56bfc062723c751e8b465ee728b)  -> (artifact id: '817779ebe4c0084a75a940884fd94106') in 0.005678 seconds 
  Import took 0.011192 seconds .

========================================================================
Received Prepare
Registering precompiled user dll's ...
Registered in 0.003438 seconds.
Begin MonoManager ReloadAssembly
Native extension for Lumin target not found
Native extension for LinuxStandalone target not found
Native extension for WindowsStandalone target not found
Native extension for OSXStandalone target not found
Native extension for WebGL target not found
Refreshing native plugins compatible for Editor in 0.64 ms, found 3 plugins.
Preloading 0 native plugins for Editor in 0.00 ms.
Mono: successfully reloaded assembly
- Completed reload, in  0.937 seconds
Domain Reload Profiling:
	ReloadAssembly (937ms)
		BeginReloadAssembly (95ms)
			ExecutionOrderSort (0ms)
			DisableScriptedObjects (6ms)
			BackupInstance (0ms)
			ReleaseScriptingObjects (0ms)
			CreateAndSetChildDomain (33ms)
		EndReloadAssembly (793ms)
			LoadAssemblies (70ms)
			RebuildTransferFunctionScriptingTraits (0ms)
			SetupTypeCache (247ms)
			ReleaseScriptCaches (2ms)
			RebuildScriptCaches (48ms)
			SetupLoadedEditorAssemblies (328ms)
				LogAssemblyErrors (0ms)
				InitializePlatformSupportModulesInManaged (6ms)
				SetLoadedEditorAssemblies (0ms)
				RefreshPlugins (1ms)
				BeforeProcessingInitializeOnLoad (94ms)
				ProcessInitializeOnLoadAttributes (218ms)
				ProcessInitializeOnLoadMethodAttributes (4ms)
				AfterProcessingInitializeOnLoad (4ms)
				EditorAssembliesLoaded (0ms)
			ExecutionOrderSort2 (0ms)
			AwakeInstancesAfterBackupRestoration (14ms)
Platform modules already initialized, skipping
Shader 'Universal Render Pipeline/Particles/Lit': fallback shader 'Universal Render Pipeline/Particles/SimpleLit' not found
Refreshing native plugins compatible for Editor in 0.80 ms, found 3 plugins.
Preloading 0 native plugins for Editor in 0.00 ms.
Unloading 3461 Unused Serialized files (Serialized files now loaded: 0)
System memory in use before: 224.5 MB.
System memory in use after: 224.7 MB.

Unloading 19 unused Assets to reduce memory usage. Loaded Objects now: 4167.
Total: 2.586800 ms (FindLiveObjects: 0.224100 ms CreateObjectMapping: 0.077900 ms MarkObjects: 2.261600 ms  DeleteObjects: 0.021900 ms)

AssetImportParameters requested are different than current active one (requested -> active):
  custom:framework-win-MediaFoundation: 216162199b28c13a410421893ffa2e32 -> 
  custom:video-decoder-ogg-theora: a1e56fd34408186e4bbccfd4996cb3dc -> 
  custom:container-muxer-webm: aa71ff27fc2769a1b78a27578f13a17b -> 
  custom:container-demuxer-webm: 4f35f7cbe854078d1ac9338744f61a02 -> 
  custom:container-demuxer-ogg: 62fdf1f143b41e24485cea50d1cbac27 -> 
  custom:video-encoder-webm-vp8: eb34c28f22e8b96e1ab97ce403110664 -> 
  custom:video-decoder-webm-vp8: 9c59270c3fd7afecdb556c50c9e8de78 -> 
  custom:audio-decoder-ogg-vorbis: bf7c407c2cedff20999df2af8eb42d56 -> 
  custom:audio-encoder-webm-vorbis: bf7c407c2cedff20999df2af8eb42d56 -> 
========================================================================
Received Prepare
Shader 'Universal Render Pipeline/Particles/Lit': fallback shader 'Universal Render Pipeline/Particles/SimpleLit' not found
Refreshing native plugins compatible for Editor in 4.06 ms, found 3 plugins.
Preloading 0 native plugins for Editor in 0.00 ms.
Unloading 16 Unused Serialized files (Serialized files now loaded: 0)
System memory in use before: 156.4 MB.
System memory in use after: 156.7 MB.

Unloading 15 unused Assets to reduce memory usage. Loaded Objects now: 4167.
Total: 3.310400 ms (FindLiveObjects: 0.248000 ms CreateObjectMapping: 0.093900 ms MarkObjects: 2.953300 ms  DeleteObjects: 0.014200 ms)

AssetImportParameters requested are different than current active one (requested -> active):
  custom:framework-win-MediaFoundation: 216162199b28c13a410421893ffa2e32 -> 
  custom:video-decoder-ogg-theora: a1e56fd34408186e4bbccfd4996cb3dc -> 
  custom:container-muxer-webm: aa71ff27fc2769a1b78a27578f13a17b -> 
  custom:container-demuxer-webm: 4f35f7cbe854078d1ac9338744f61a02 -> 
  custom:container-demuxer-ogg: 62fdf1f143b41e24485cea50d1cbac27 -> 
  custom:video-encoder-webm-vp8: eb34c28f22e8b96e1ab97ce403110664 -> 
  custom:video-decoder-webm-vp8: 9c59270c3fd7afecdb556c50c9e8de78 -> 
  custom:audio-decoder-ogg-vorbis: bf7c407c2cedff20999df2af8eb42d56 -> 
  custom:audio-encoder-webm-vorbis: bf7c407c2cedff20999df2af8eb42d56 -> 
========================================================================
Received Import Request.
  Time since last request: 787.296038 seconds.
  path: Assets/Scenes/1.unity
  artifactKey: Guid(2215e6c5f750aa140bef5f5416905b5e) Importer(815301076,1909f56bfc062723c751e8b465ee728b)
Start importing Assets/Scenes/1.unity using Guid(2215e6c5f750aa140bef5f5416905b5e) Importer(815301076,1909f56bfc062723c751e8b465ee728b)  -> (artifact id: '076ffdabece7273ed5b0d2021aee206d') in 0.022362 seconds 
  Import took 0.031827 seconds .

========================================================================
Received Import Request.
  Time since last request: 286.477931 seconds.
  path: Assets/Scenes/1.unity
  artifactKey: Guid(2215e6c5f750aa140bef5f5416905b5e) Importer(815301076,1909f56bfc062723c751e8b465ee728b)
Start importing Assets/Scenes/1.unity using Guid(2215e6c5f750aa140bef5f5416905b5e) Importer(815301076,1909f56bfc062723c751e8b465ee728b)  -> (artifact id: '035a51b3990a67f17a2d31cf93c7afb9') in 0.002490 seconds 
  Import took 0.008874 seconds .

========================================================================
Received Import Request.
  Time since last request: 1468.930134 seconds.
  path: Assets/Scenes/1.unity
  artifactKey: Guid(2215e6c5f750aa140bef5f5416905b5e) Importer(815301076,1909f56bfc062723c751e8b465ee728b)
Start importing Assets/Scenes/1.unity using Guid(2215e6c5f750aa140bef5f5416905b5e) Importer(815301076,1909f56bfc062723c751e8b465ee728b)  -> (artifact id: '392567c348016e9324998a2f97095754') in 0.003691 seconds 
  Import took 0.013516 seconds .

========================================================================
Received Import Request.
  Time since last request: 8.374872 seconds.
  path: Assets/Scenes/2.unity
  artifactKey: Guid(2cda990e2423bbf4892e6590ba056729) Importer(815301076,1909f56bfc062723c751e8b465ee728b)
Start importing Assets/Scenes/2.unity using Guid(2cda990e2423bbf4892e6590ba056729) Importer(815301076,1909f56bfc062723c751e8b465ee728b)  -> (artifact id: '4f758adc18ee1e58123dab396995df1a') in 0.006608 seconds 
  Import took 0.013316 seconds .

========================================================================
Received Import Request.
  Time since last request: 0.000270 seconds.
  path: Assets/Scenes/2.unity
  artifactKey: Guid(2cda990e2423bbf4892e6590ba056729) Importer(815301076,1909f56bfc062723c751e8b465ee728b)
Start importing Assets/Scenes/2.unity using Guid(2cda990e2423bbf4892e6590ba056729) Importer(815301076,1909f56bfc062723c751e8b465ee728b)  -> (artifact id: '4f758adc18ee1e58123dab396995df1a') in 0.002325 seconds 
  Import took 0.007827 seconds .

========================================================================
Received Import Request.
  Time since last request: 0.435064 seconds.
  path: Assets/Scenes/3.unity
  artifactKey: Guid(11d1ccf08d11e0442a31eedb5d2da42e) Importer(815301076,1909f56bfc062723c751e8b465ee728b)
Start importing Assets/Scenes/3.unity using Guid(11d1ccf08d11e0442a31eedb5d2da42e) Importer(815301076,1909f56bfc062723c751e8b465ee728b)  -> (artifact id: '27cc65764e562958e1ad67d1443d7078') in 0.006420 seconds 
  Import took 0.012976 seconds .

========================================================================
Received Import Request.
  Time since last request: 0.000327 seconds.
  path: Assets/Scenes/3.unity
  artifactKey: Guid(11d1ccf08d11e0442a31eedb5d2da42e) Importer(815301076,1909f56bfc062723c751e8b465ee728b)
Start importing Assets/Scenes/3.unity using Guid(11d1ccf08d11e0442a31eedb5d2da42e) Importer(815301076,1909f56bfc062723c751e8b465ee728b)  -> (artifact id: '27cc65764e562958e1ad67d1443d7078') in 0.002149 seconds 
  Import took 0.007028 seconds .

========================================================================
Received Import Request.
  Time since last request: 12.536950 seconds.
  path: Assets/Scenes/2.unity
  artifactKey: Guid(2cda990e2423bbf4892e6590ba056729) Importer(815301076,1909f56bfc062723c751e8b465ee728b)
Start importing Assets/Scenes/2.unity using Guid(2cda990e2423bbf4892e6590ba056729) Importer(815301076,1909f56bfc062723c751e8b465ee728b)  -> (artifact id: '6685888abbecc1e91041bcf1e4d58465') in 0.002908 seconds 
  Import took 0.011208 seconds .

========================================================================
Received Import Request.
  Time since last request: 70.246650 seconds.
  path: Assets/Scenes/5.unity
  artifactKey: Guid(f83688097b459a4438ba44dd501a5c46) Importer(815301076,1909f56bfc062723c751e8b465ee728b)
Start importing Assets/Scenes/5.unity using Guid(f83688097b459a4438ba44dd501a5c46) Importer(815301076,1909f56bfc062723c751e8b465ee728b)  -> (artifact id: '3066d506bd942efacf7ec7deae32b717') in 0.008389 seconds 
  Import took 0.017649 seconds .

========================================================================
Received Import Request.
  Time since last request: 0.001890 seconds.
  path: Assets/Scenes/5.unity
  artifactKey: Guid(f83688097b459a4438ba44dd501a5c46) Importer(815301076,1909f56bfc062723c751e8b465ee728b)
Start importing Assets/Scenes/5.unity using Guid(f83688097b459a4438ba44dd501a5c46) Importer(815301076,1909f56bfc062723c751e8b465ee728b)  -> (artifact id: '3066d506bd942efacf7ec7deae32b717') in 0.003760 seconds 
  Import took 0.011054 seconds .

========================================================================
Received Import Request.
  Time since last request: 14.821596 seconds.
  path: Assets/Scenes/6.unity
  artifactKey: Guid(e4f4db4507221544db3e1e80e945af3e) Importer(815301076,1909f56bfc062723c751e8b465ee728b)
Start importing Assets/Scenes/6.unity using Guid(e4f4db4507221544db3e1e80e945af3e) Importer(815301076,1909f56bfc062723c751e8b465ee728b)  -> (artifact id: '4daa6a1808af540c5a17548ebec973cb') in 0.008748 seconds 
  Import took 0.016517 seconds .

========================================================================
Received Import Request.
  Time since last request: 19.277140 seconds.
  path: Assets/Scenes/7.unity
  artifactKey: Guid(d4c7efe3fe2eb8447956670b5c2011a8) Importer(815301076,1909f56bfc062723c751e8b465ee728b)
Start importing Assets/Scenes/7.unity using Guid(d4c7efe3fe2eb8447956670b5c2011a8) Importer(815301076,1909f56bfc062723c751e8b465ee728b)  -> (artifact id: 'f975572c16ac62576aa4618c08de008c') in 0.006006 seconds 
  Import took 0.011786 seconds .

========================================================================
Received Import Request.
  Time since last request: 11.318798 seconds.
  path: Assets/Scenes/Main Menu.unity
  artifactKey: Guid(8b0dfa216d14f3c4fa4dd4d1f8d6fdc2) Importer(815301076,1909f56bfc062723c751e8b465ee728b)
Start importing Assets/Scenes/Main Menu.unity using Guid(8b0dfa216d14f3c4fa4dd4d1f8d6fdc2) Importer(815301076,1909f56bfc062723c751e8b465ee728b)  -> (artifact id: '7fbb404c2bc3d086b12e4ba66e9fa3ca') in 0.005725 seconds 
  Import took 0.012143 seconds .

========================================================================
Received Import Request.
  Time since last request: 0.000295 seconds.
  path: Assets/Scenes/Main Menu.unity
  artifactKey: Guid(8b0dfa216d14f3c4fa4dd4d1f8d6fdc2) Importer(815301076,1909f56bfc062723c751e8b465ee728b)
Start importing Assets/Scenes/Main Menu.unity using Guid(8b0dfa216d14f3c4fa4dd4d1f8d6fdc2) Importer(815301076,1909f56bfc062723c751e8b465ee728b)  -> (artifact id: '7fbb404c2bc3d086b12e4ba66e9fa3ca') in 0.002008 seconds 
  Import took 0.006360 seconds .

AssetImportWorkerClient::OnTransportError - code=2 error=End of file
